[Spectre Monitor: 3]
[2025-11-18 12:19:53.752 -0800] [PROCESS] [cadence.virtuoso.ade.spectreMonitor] - Spectre Monitor has successfully started up. Trying to set up communication channels to other components ... : {"hostname": "laguna.eecs.uci.edu", "processid": 1045733, "logfile": "/users/ugrad/rnarwar/EECS270A/logs_rnarwar/logs0/Job3.log"}
[2025-11-18 12:19:53.755 -0800] [PROCESS] [cadence.virtuoso.ade.spectreMonitor] - Started History : {"hostname": "laguna.eecs.uci.edu", "processid": 1045733, "history": "ExplorerRun.0", "logfile": "/users/ugrad/rnarwar/EECS270A/logs_rnarwar/logs0/Job3.log"}
[2025-11-18 12:19:53.766 -0800] [PROCESS] [cadence.virtuoso.ade.spectreMonitor] - Communication channels have been successfully set up. Start processing events ... : {"hostname": "laguna.eecs.uci.edu", "processid": 1045733, "history": "ExplorerRun.0", "logfile": "/users/ugrad/rnarwar/EECS270A/logs_rnarwar/logs0/Job3.log"}
[2025-11-18 12:19:53.850 -0800] [PROCESS] [cadence.virtuoso.ade.spectreMonitor] - HostInfo:
Host name (type):	laguna.eecs.uci.edu (x86_64)
Operating system:	Linux 4.18.0-553.74.1.el8_10.x86_64 #1 SMP Sun Sep 14 12:57:27 UTC 2025 : {"hostname": "laguna.eecs.uci.edu", "processid": 1045733, "history": "ExplorerRun.0", "logfile": "/users/ugrad/rnarwar/EECS270A/logs_rnarwar/logs0/Job3.log", "nodename": "laguna.eecs.uci.edu", "domainname": "yp.eecs.uci.edu", "machine": "x86_64", "sysname": "Linux", "release": "4.18.0-553.74.1.el8_10.x86_64", "version": "#1 SMP Sun Sep 14 12:57:27 UTC 2025"}
[2025-11-18 12:19:53.850 -0800] [PROCESS] [cadence.virtuoso.ade.spectreMonitor] - UsageInfo:
pid=1045733
totalPhysicalMemory=125.287762GB,Used=74.605762GB,totalVirtualMemory=133.287758GB,Used=74.621723GB
Cpu: Cores=56, Load average:4.300000,4.900000,4.710000 : {"hostname": "laguna.eecs.uci.edu", "processid": 1045733, "history": "ExplorerRun.0", "logfile": "/users/ugrad/rnarwar/EECS270A/logs_rnarwar/logs0/Job3.log", "pid": "1045733", "totalPhysicalMemory": "125.287762", "physicalMemoryUsed": "74.605762", "totalVirtualMemory": "133.287758", "virtualMemoryUsed": "74.621723", "cpuCores": "56", "processes": "2716", "loadAverage1": "4.300000", "loadAverage5": "4.900000", "loadAverage15": "4.710000", "loadAverage1Percent": "0.076786"}
[2025-11-18 12:19:54.028 -0800] [EVENT] [cadence.virtuoso.ade.spectreMonitor] - NewPoint : {"history": "ExplorerRun.0", "point": 1, "testname": "EECS270A_RahulNarwar_this_one_will_do_it_1", "cornername": "Nominal", "event": "NewPoint", "EventSource": "Spectre Monitor", "HistoryName": "ExplorerRun.0", "logFile": "/users/ugrad/rnarwar/EECS270A/logs_rnarwar/logs0/Job3.log", "logFileSize": "2256"}
[2025-11-18 12:19:54.029 -0800] [EVENT] [cadence.virtuoso.ade.spectreMonitor] - NewPoint : {"history": "ExplorerRun.0", "point": 1, "testname": "EECS270A_RahulNarwar_this_one_will_do_it_1", "cornername": "Nominal", "event": "NewPoint", "EventSource": "spectre", "HistoryName": "ExplorerRun.0", "logFile": "/users/ugrad/rnarwar/cadence/simulation/EECS270A_RahulNarwar/this_one_will_do_it/maestro/results/maestro/ExplorerRun.0/1/EECS270A_RahulNarwar_this_one_will_do_it_1/psf/spectre.out", "logFileSize": "-1"}
[2025-11-18 12:19:54.079 -0800] [PROCESS] [cadence.virtuoso.ade.spectreMonitor] - Launched simulator : {"hostname": "laguna.eecs.uci.edu", "processid": 1045733, "history": "ExplorerRun.0", "testname": "EECS270A_RahulNarwar_this_one_will_do_it_1", "cornername": "Nominal", "point": 1, "logfile": "/users/ugrad/rnarwar/EECS270A/logs_rnarwar/logs0/Job3.log", "simid": "1"}
[2025-11-18 12:19:54.097 -0800] [PROCESS] [cadence.virtuoso.ade.spectreMonitor] - Launched evaluator : {"hostname": "laguna.eecs.uci.edu", "processid": 1045733, "history": "ExplorerRun.0", "testname": "EECS270A_RahulNarwar_this_one_will_do_it_1", "cornername": "Nominal", "point": 1, "logfile": "/users/ugrad/rnarwar/EECS270A/logs_rnarwar/logs0/Job3.log"}
[2025-11-18 12:19:55.037 -0800] [INFO] [cadence.virtuoso.ade.spectreMonitor] - Peak resident memory used = 68.3 Mbytes. : {"history": "ExplorerRun.0", "point": 1, "testname": "EECS270A_RahulNarwar_this_one_will_do_it_1", "cornername": "Nominal"}
[2025-11-18 12:19:55.037 -0800] [INFO] [cadence.virtuoso.ade.spectreMonitor] - Peak resident memory used = 73.9 Mbytes. : {"history": "ExplorerRun.0", "point": 1, "testname": "EECS270A_RahulNarwar_this_one_will_do_it_1", "cornername": "Nominal"}
[2025-11-18 12:19:55.037 -0800] [INFO] [cadence.virtuoso.ade.spectreMonitor] - Peak resident memory used = 75.8 Mbytes. : {"history": "ExplorerRun.0", "point": 1, "testname": "EECS270A_RahulNarwar_this_one_will_do_it_1", "cornername": "Nominal"}
[2025-11-18 12:19:55.037 -0800] [INFO] [cadence.virtuoso.ade.spectreMonitor] - Notice from spectre during initial setup.
    Multithreading is disabled due to the size of the design being too small. : {"history": "ExplorerRun.0", "point": 1, "testname": "EECS270A_RahulNarwar_this_one_will_do_it_1", "cornername": "Nominal"}
[2025-11-18 12:19:55.051 -0800] [INFO] [cadence.virtuoso.ade.spectreMonitor] -               nodes 17 : {"history": "ExplorerRun.0", "point": 1, "testname": "EECS270A_RahulNarwar_this_one_will_do_it_1", "cornername": "Nominal"}
[2025-11-18 12:19:55.051 -0800] [INFO] [cadence.virtuoso.ade.spectreMonitor] - Notice from spectre during initial setup.
    APS Enabled. : {"history": "ExplorerRun.0", "point": 1, "testname": "EECS270A_RahulNarwar_this_one_will_do_it_1", "cornername": "Nominal"}
[2025-11-18 12:19:55.051 -0800] [INFO] [cadence.virtuoso.ade.spectreMonitor] - Peak resident memory used = 77 Mbytes. : {"history": "ExplorerRun.0", "point": 1, "testname": "EECS270A_RahulNarwar_this_one_will_do_it_1", "cornername": "Nominal"}
[2025-11-18 12:19:55.051 -0800] [WARN] [cadence.virtuoso.ade.spectreMonitor] -     WARNING (SPECTRE-16707): Only tran supports psfxl format, result of other analyses will be in psfbin format. : {"history": "ExplorerRun.0", "point": 1, "testname": "EECS270A_RahulNarwar_this_one_will_do_it_1", "cornername": "Nominal"}
[2025-11-18 12:19:55.052 -0800] [INFO] [cadence.virtuoso.ade.spectreMonitor] - Notice from spectre during DC analysis `dcOp'.
    Bad pivoting is found during DC analysis. Option dc_pivot_check=yes is recommended for possible improvement of convergence. : {"history": "ExplorerRun.0", "point": 1, "testname": "EECS270A_RahulNarwar_this_one_will_do_it_1", "cornername": "Nominal"}
[2025-11-18 12:19:55.052 -0800] [INFO] [cadence.virtuoso.ade.spectreMonitor] - Total time required for dc analysis `dcOp': CPU = 5.343 ms, elapsed = 16.33 ms. : {"history": "ExplorerRun.0", "point": 1, "testname": "EECS270A_RahulNarwar_this_one_will_do_it_1", "cornername": "Nominal"}
[2025-11-18 12:19:55.052 -0800] [INFO] [cadence.virtuoso.ade.spectreMonitor] - Peak resident memory used = 78 Mbytes. : {"history": "ExplorerRun.0", "point": 1, "testname": "EECS270A_RahulNarwar_this_one_will_do_it_1", "cornername": "Nominal"}
[2025-11-18 12:19:55.052 -0800] [INFO] [cadence.virtuoso.ade.spectreMonitor] - Time used: CPU = 151 ms, elapsed = 398 ms, util. = 38%. : {"history": "ExplorerRun.0", "point": 1, "testname": "EECS270A_RahulNarwar_this_one_will_do_it_1", "cornername": "Nominal"}
[2025-11-18 12:19:55.052 -0800] [INFO] [cadence.virtuoso.ade.spectreMonitor] - Time spent in licensing: elapsed = 28.6 ms, percentage of total = 7.18%. : {"history": "ExplorerRun.0", "point": 1, "testname": "EECS270A_RahulNarwar_this_one_will_do_it_1", "cornername": "Nominal"}
[2025-11-18 12:19:55.057 -0800] [INFO] [cadence.virtuoso.ade.spectreMonitor] - Peak memory used = 79.5 Mbytes. : {"history": "ExplorerRun.0", "point": 1, "testname": "EECS270A_RahulNarwar_this_one_will_do_it_1", "cornername": "Nominal"}
[2025-11-18 12:19:55.069 -0800] [PROCESS] [cadence.virtuoso.ade.spectreMonitor] - Simulation started at: 12:19:54 PM, Tue Nov 18, 2025, ended at: 12:19:54 PM, Tue Nov 18, 2025, with elapsed time (wall clock): 398 ms. : {"history": "ExplorerRun.0", "point": 1, "testname": "EECS270A_RahulNarwar_this_one_will_do_it_1", "cornername": "Nominal"}
[2025-11-18 12:19:55.070 -0800] [PROCESS] [cadence.virtuoso.ade.spectreMonitor] - spectre completes with 0 errors, 1 warning, and 3 notices. : {"history": "ExplorerRun.0", "point": 1, "testname": "EECS270A_RahulNarwar_this_one_will_do_it_1", "cornername": "Nominal"}
[2025-11-18 12:19:55.570 -0800] [PROCESS] [cadence.virtuoso.ade.spectreMonitor] - Finished simulating for one point : {"hostname": "laguna.eecs.uci.edu", "processid": 1045733, "history": "ExplorerRun.0", "testname": "EECS270A_RahulNarwar_this_one_will_do_it_1", "cornername": "Nominal", "point": 1, "logfile": "/users/ugrad/rnarwar/EECS270A/logs_rnarwar/logs0/Job3.log", "simid": "1"}
[2025-11-18 12:19:55.570 -0800] [PROCESS] [cadence.virtuoso.ade.spectreMonitor] - Finished Simulation : {"hostname": "laguna.eecs.uci.edu", "processid": 1045733, "history": "ExplorerRun.0", "testname": "EECS270A_RahulNarwar_this_one_will_do_it_1", "cornername": "Nominal", "point": 1, "logfile": "/users/ugrad/rnarwar/EECS270A/logs_rnarwar/logs0/Job3.log", "simid": "1"}
[2025-11-18 12:19:55.579 -0800] [PROCESS] [cadence.virtuoso.ade.spectreMonitor] - Point Finished : {"hostname": "laguna.eecs.uci.edu", "processid": 1045733, "history": "ExplorerRun.0", "testname": "EECS270A_RahulNarwar_this_one_will_do_it_1", "cornername": "Nominal", "point": 1, "logfile": "/users/ugrad/rnarwar/EECS270A/logs_rnarwar/logs0/Job3.log"}
[2025-11-18 12:20:44.604 -0800] [PROCESS] [cadence.virtuoso.ade.spectreMonitor] - HostInfo:
Host name (type):	laguna.eecs.uci.edu (x86_64)
Operating system:	Linux 4.18.0-553.74.1.el8_10.x86_64 #1 SMP Sun Sep 14 12:57:27 UTC 2025 : {"hostname": "laguna.eecs.uci.edu", "processid": 1045733, "history": "ExplorerRun.0", "testname": "EECS270A_RahulNarwar_this_one_will_do_it_1", "cornername": "Nominal", "point": 1, "logfile": "/users/ugrad/rnarwar/EECS270A/logs_rnarwar/logs0/Job3.log", "nodename": "laguna.eecs.uci.edu", "domainname": "yp.eecs.uci.edu", "machine": "x86_64", "sysname": "Linux", "release": "4.18.0-553.74.1.el8_10.x86_64", "version": "#1 SMP Sun Sep 14 12:57:27 UTC 2025"}
[2025-11-18 12:20:44.605 -0800] [PROCESS] [cadence.virtuoso.ade.spectreMonitor] - UsageInfo:
pid=1045733
totalPhysicalMemory=125.287762GB,Used=74.641399GB,totalVirtualMemory=133.287758GB,Used=74.657360GB
Cpu: Cores=56, Load average:4.510000,4.850000,4.710000 : {"hostname": "laguna.eecs.uci.edu", "processid": 1045733, "history": "ExplorerRun.0", "testname": "EECS270A_RahulNarwar_this_one_will_do_it_1", "cornername": "Nominal", "point": 1, "logfile": "/users/ugrad/rnarwar/EECS270A/logs_rnarwar/logs0/Job3.log", "pid": "1045733", "totalPhysicalMemory": "125.287762", "physicalMemoryUsed": "74.641399", "totalVirtualMemory": "133.287758", "virtualMemoryUsed": "74.657360", "cpuCores": "56", "processes": "2738", "loadAverage1": "4.510000", "loadAverage5": "4.850000", "loadAverage15": "4.710000", "loadAverage1Percent": "0.080536"}
[2025-11-18 12:20:44.622 -0800] [EVENT] [cadence.virtuoso.ade.spectreMonitor] - NewPoint : {"history": "ExplorerRun.0", "point": 1, "testname": "EECS270A_RahulNarwar_this_one_will_do_it_1", "cornername": "Nominal", "event": "NewPoint", "EventSource": "Spectre Monitor", "HistoryName": "ExplorerRun.0", "logFile": "/users/ugrad/rnarwar/EECS270A/logs_rnarwar/logs0/Job3.log", "logFileSize": "10928"}
[2025-11-18 12:20:44.623 -0800] [EVENT] [cadence.virtuoso.ade.spectreMonitor] - NewPoint : {"history": "ExplorerRun.0", "point": 1, "testname": "EECS270A_RahulNarwar_this_one_will_do_it_1", "cornername": "Nominal", "event": "NewPoint", "EventSource": "spectre", "HistoryName": "ExplorerRun.0", "logFile": "/users/ugrad/rnarwar/cadence/simulation/EECS270A_RahulNarwar/this_one_will_do_it/maestro/results/maestro/ExplorerRun.0/1/EECS270A_RahulNarwar_this_one_will_do_it_1/psf/spectre.out", "logFileSize": "-1"}
[2025-11-18 12:20:44.636 -0800] [PROCESS] [cadence.virtuoso.ade.spectreMonitor] - Launched simulator : {"hostname": "laguna.eecs.uci.edu", "processid": 1045733, "history": "ExplorerRun.0", "testname": "EECS270A_RahulNarwar_this_one_will_do_it_1", "cornername": "Nominal", "point": 1, "logfile": "/users/ugrad/rnarwar/EECS270A/logs_rnarwar/logs0/Job3.log", "simid": "2"}
[2025-11-18 12:20:44.645 -0800] [PROCESS] [cadence.virtuoso.ade.spectreMonitor] - Launched evaluator : {"hostname": "laguna.eecs.uci.edu", "processid": 1045733, "history": "ExplorerRun.0", "testname": "EECS270A_RahulNarwar_this_one_will_do_it_1", "cornername": "Nominal", "point": 1, "logfile": "/users/ugrad/rnarwar/EECS270A/logs_rnarwar/logs0/Job3.log"}
[2025-11-18 12:20:45.361 -0800] [PROCESS] [cadence.virtuoso.ade.spectreMonitor] - Finished simulating for one point : {"hostname": "laguna.eecs.uci.edu", "processid": 1045733, "history": "ExplorerRun.0", "testname": "EECS270A_RahulNarwar_this_one_will_do_it_1", "cornername": "Nominal", "point": 1, "logfile": "/users/ugrad/rnarwar/EECS270A/logs_rnarwar/logs0/Job3.log", "simid": "2"}
[2025-11-18 12:20:45.361 -0800] [INFO] [cadence.virtuoso.ade.spectreMonitor] - Peak resident memory used = 68.5 Mbytes. : {"history": "ExplorerRun.0", "point": 1, "testname": "EECS270A_RahulNarwar_this_one_will_do_it_1", "cornername": "Nominal"}
[2025-11-18 12:20:45.362 -0800] [INFO] [cadence.virtuoso.ade.spectreMonitor] - Peak resident memory used = 74.1 Mbytes. : {"history": "ExplorerRun.0", "point": 1, "testname": "EECS270A_RahulNarwar_this_one_will_do_it_1", "cornername": "Nominal"}
[2025-11-18 12:20:45.362 -0800] [INFO] [cadence.virtuoso.ade.spectreMonitor] - Peak resident memory used = 76.1 Mbytes. : {"history": "ExplorerRun.0", "point": 1, "testname": "EECS270A_RahulNarwar_this_one_will_do_it_1", "cornername": "Nominal"}
[2025-11-18 12:20:45.362 -0800] [INFO] [cadence.virtuoso.ade.spectreMonitor] - Notice from spectre during initial setup.
    Multithreading is disabled due to the size of the design being too small. : {"history": "ExplorerRun.0", "point": 1, "testname": "EECS270A_RahulNarwar_this_one_will_do_it_1", "cornername": "Nominal"}
[2025-11-18 12:20:45.386 -0800] [INFO] [cadence.virtuoso.ade.spectreMonitor] -               nodes 17 : {"history": "ExplorerRun.0", "point": 1, "testname": "EECS270A_RahulNarwar_this_one_will_do_it_1", "cornername": "Nominal"}
[2025-11-18 12:20:45.386 -0800] [INFO] [cadence.virtuoso.ade.spectreMonitor] - Notice from spectre during initial setup.
    APS Enabled. : {"history": "ExplorerRun.0", "point": 1, "testname": "EECS270A_RahulNarwar_this_one_will_do_it_1", "cornername": "Nominal"}
[2025-11-18 12:20:45.386 -0800] [INFO] [cadence.virtuoso.ade.spectreMonitor] - Peak resident memory used = 77.3 Mbytes. : {"history": "ExplorerRun.0", "point": 1, "testname": "EECS270A_RahulNarwar_this_one_will_do_it_1", "cornername": "Nominal"}
[2025-11-18 12:20:45.387 -0800] [WARN] [cadence.virtuoso.ade.spectreMonitor] -     WARNING (SPECTRE-16707): Only tran supports psfxl format, result of other analyses will be in psfbin format. : {"history": "ExplorerRun.0", "point": 1, "testname": "EECS270A_RahulNarwar_this_one_will_do_it_1", "cornername": "Nominal"}
[2025-11-18 12:20:45.387 -0800] [INFO] [cadence.virtuoso.ade.spectreMonitor] - Notice from spectre during DC analysis `dcOp'.
    Bad pivoting is found during DC analysis. Option dc_pivot_check=yes is recommended for possible improvement of convergence. : {"history": "ExplorerRun.0", "point": 1, "testname": "EECS270A_RahulNarwar_this_one_will_do_it_1", "cornername": "Nominal"}
[2025-11-18 12:20:45.387 -0800] [INFO] [cadence.virtuoso.ade.spectreMonitor] - Total time required for dc analysis `dcOp': CPU = 5.037 ms, elapsed = 12.6982 ms. : {"history": "ExplorerRun.0", "point": 1, "testname": "EECS270A_RahulNarwar_this_one_will_do_it_1", "cornername": "Nominal"}
[2025-11-18 12:20:45.387 -0800] [INFO] [cadence.virtuoso.ade.spectreMonitor] - Peak resident memory used = 78.3 Mbytes. : {"history": "ExplorerRun.0", "point": 1, "testname": "EECS270A_RahulNarwar_this_one_will_do_it_1", "cornername": "Nominal"}
[2025-11-18 12:20:45.388 -0800] [INFO] [cadence.virtuoso.ade.spectreMonitor] - Time used: CPU = 150 ms, elapsed = 374 ms, util. = 40.1%. : {"history": "ExplorerRun.0", "point": 1, "testname": "EECS270A_RahulNarwar_this_one_will_do_it_1", "cornername": "Nominal"}
[2025-11-18 12:20:45.388 -0800] [INFO] [cadence.virtuoso.ade.spectreMonitor] - Time spent in licensing: elapsed = 26.3 ms, percentage of total = 7.02%. : {"history": "ExplorerRun.0", "point": 1, "testname": "EECS270A_RahulNarwar_this_one_will_do_it_1", "cornername": "Nominal"}
[2025-11-18 12:20:45.391 -0800] [INFO] [cadence.virtuoso.ade.spectreMonitor] - Peak memory used = 79.8 Mbytes. : {"history": "ExplorerRun.0", "point": 1, "testname": "EECS270A_RahulNarwar_this_one_will_do_it_1", "cornername": "Nominal"}
[2025-11-18 12:20:45.407 -0800] [PROCESS] [cadence.virtuoso.ade.spectreMonitor] - Simulation started at: 12:20:44 PM, Tue Nov 18, 2025, ended at: 12:20:45 PM, Tue Nov 18, 2025, with elapsed time (wall clock): 374 ms. : {"history": "ExplorerRun.0", "point": 1, "testname": "EECS270A_RahulNarwar_this_one_will_do_it_1", "cornername": "Nominal"}
[2025-11-18 12:20:45.407 -0800] [PROCESS] [cadence.virtuoso.ade.spectreMonitor] - spectre completes with 0 errors, 1 warning, and 3 notices. : {"history": "ExplorerRun.0", "point": 1, "testname": "EECS270A_RahulNarwar_this_one_will_do_it_1", "cornername": "Nominal"}
[2025-11-18 12:20:45.407 -0800] [PROCESS] [cadence.virtuoso.ade.spectreMonitor] - Finished Simulation : {"hostname": "laguna.eecs.uci.edu", "processid": 1045733, "history": "ExplorerRun.0", "testname": "EECS270A_RahulNarwar_this_one_will_do_it_1", "cornername": "Nominal", "point": 1, "logfile": "/users/ugrad/rnarwar/EECS270A/logs_rnarwar/logs0/Job3.log", "simid": "2"}
[2025-11-18 12:20:45.417 -0800] [PROCESS] [cadence.virtuoso.ade.spectreMonitor] - Point Finished : {"hostname": "laguna.eecs.uci.edu", "processid": 1045733, "history": "ExplorerRun.0", "testname": "EECS270A_RahulNarwar_this_one_will_do_it_1", "cornername": "Nominal", "point": 1, "logfile": "/users/ugrad/rnarwar/EECS270A/logs_rnarwar/logs0/Job3.log"}
[2025-11-18 12:21:19.403 -0800] [PROCESS] [cadence.virtuoso.ade.spectreMonitor] - HostInfo:
Host name (type):	laguna.eecs.uci.edu (x86_64)
Operating system:	Linux 4.18.0-553.74.1.el8_10.x86_64 #1 SMP Sun Sep 14 12:57:27 UTC 2025 : {"hostname": "laguna.eecs.uci.edu", "processid": 1045733, "history": "ExplorerRun.0", "testname": "EECS270A_RahulNarwar_this_one_will_do_it_1", "cornername": "Nominal", "point": 1, "logfile": "/users/ugrad/rnarwar/EECS270A/logs_rnarwar/logs0/Job3.log", "nodename": "laguna.eecs.uci.edu", "domainname": "yp.eecs.uci.edu", "machine": "x86_64", "sysname": "Linux", "release": "4.18.0-553.74.1.el8_10.x86_64", "version": "#1 SMP Sun Sep 14 12:57:27 UTC 2025"}
[2025-11-18 12:21:19.403 -0800] [PROCESS] [cadence.virtuoso.ade.spectreMonitor] - UsageInfo:
pid=1045733
totalPhysicalMemory=125.287762GB,Used=74.643478GB,totalVirtualMemory=133.287758GB,Used=74.659439GB
Cpu: Cores=56, Load average:4.570000,4.830000,4.710000 : {"hostname": "laguna.eecs.uci.edu", "processid": 1045733, "history": "ExplorerRun.0", "testname": "EECS270A_RahulNarwar_this_one_will_do_it_1", "cornername": "Nominal", "point": 1, "logfile": "/users/ugrad/rnarwar/EECS270A/logs_rnarwar/logs0/Job3.log", "pid": "1045733", "totalPhysicalMemory": "125.287762", "physicalMemoryUsed": "74.643478", "totalVirtualMemory": "133.287758", "virtualMemoryUsed": "74.659439", "cpuCores": "56", "processes": "2738", "loadAverage1": "4.570000", "loadAverage5": "4.830000", "loadAverage15": "4.710000", "loadAverage1Percent": "0.081607"}
[2025-11-18 12:21:19.415 -0800] [EVENT] [cadence.virtuoso.ade.spectreMonitor] - NewPoint : {"history": "ExplorerRun.0", "point": 1, "testname": "EECS270A_RahulNarwar_this_one_will_do_it_1", "cornername": "Nominal", "event": "NewPoint", "EventSource": "Spectre Monitor", "HistoryName": "ExplorerRun.0", "logFile": "/users/ugrad/rnarwar/EECS270A/logs_rnarwar/logs0/Job3.log", "logFileSize": "19609"}
[2025-11-18 12:21:19.417 -0800] [EVENT] [cadence.virtuoso.ade.spectreMonitor] - NewPoint : {"history": "ExplorerRun.0", "point": 1, "testname": "EECS270A_RahulNarwar_this_one_will_do_it_1", "cornername": "Nominal", "event": "NewPoint", "EventSource": "spectre", "HistoryName": "ExplorerRun.0", "logFile": "/users/ugrad/rnarwar/cadence/simulation/EECS270A_RahulNarwar/this_one_will_do_it/maestro/results/maestro/ExplorerRun.0/1/EECS270A_RahulNarwar_this_one_will_do_it_1/psf/spectre.out", "logFileSize": "-1"}
[2025-11-18 12:21:19.427 -0800] [PROCESS] [cadence.virtuoso.ade.spectreMonitor] - Launched simulator : {"hostname": "laguna.eecs.uci.edu", "processid": 1045733, "history": "ExplorerRun.0", "testname": "EECS270A_RahulNarwar_this_one_will_do_it_1", "cornername": "Nominal", "point": 1, "logfile": "/users/ugrad/rnarwar/EECS270A/logs_rnarwar/logs0/Job3.log", "simid": "3"}
[2025-11-18 12:21:19.434 -0800] [PROCESS] [cadence.virtuoso.ade.spectreMonitor] - Launched evaluator : {"hostname": "laguna.eecs.uci.edu", "processid": 1045733, "history": "ExplorerRun.0", "testname": "EECS270A_RahulNarwar_this_one_will_do_it_1", "cornername": "Nominal", "point": 1, "logfile": "/users/ugrad/rnarwar/EECS270A/logs_rnarwar/logs0/Job3.log"}
[2025-11-18 12:21:20.166 -0800] [PROCESS] [cadence.virtuoso.ade.spectreMonitor] - Finished simulating for one point : {"hostname": "laguna.eecs.uci.edu", "processid": 1045733, "history": "ExplorerRun.0", "testname": "EECS270A_RahulNarwar_this_one_will_do_it_1", "cornername": "Nominal", "point": 1, "logfile": "/users/ugrad/rnarwar/EECS270A/logs_rnarwar/logs0/Job3.log", "simid": "3"}
[2025-11-18 12:21:20.166 -0800] [INFO] [cadence.virtuoso.ade.spectreMonitor] - Peak resident memory used = 68.7 Mbytes. : {"history": "ExplorerRun.0", "point": 1, "testname": "EECS270A_RahulNarwar_this_one_will_do_it_1", "cornername": "Nominal"}
[2025-11-18 12:21:20.166 -0800] [INFO] [cadence.virtuoso.ade.spectreMonitor] - Peak resident memory used = 74.3 Mbytes. : {"history": "ExplorerRun.0", "point": 1, "testname": "EECS270A_RahulNarwar_this_one_will_do_it_1", "cornername": "Nominal"}
[2025-11-18 12:21:20.166 -0800] [INFO] [cadence.virtuoso.ade.spectreMonitor] - Peak resident memory used = 76.2 Mbytes. : {"history": "ExplorerRun.0", "point": 1, "testname": "EECS270A_RahulNarwar_this_one_will_do_it_1", "cornername": "Nominal"}
[2025-11-18 12:21:20.166 -0800] [INFO] [cadence.virtuoso.ade.spectreMonitor] - Notice from spectre during initial setup.
    Multithreading is disabled due to the size of the design being too small. : {"history": "ExplorerRun.0", "point": 1, "testname": "EECS270A_RahulNarwar_this_one_will_do_it_1", "cornername": "Nominal"}
[2025-11-18 12:21:20.180 -0800] [INFO] [cadence.virtuoso.ade.spectreMonitor] -               nodes 17 : {"history": "ExplorerRun.0", "point": 1, "testname": "EECS270A_RahulNarwar_this_one_will_do_it_1", "cornername": "Nominal"}
[2025-11-18 12:21:20.180 -0800] [INFO] [cadence.virtuoso.ade.spectreMonitor] - Notice from spectre during initial setup.
    APS Enabled. : {"history": "ExplorerRun.0", "point": 1, "testname": "EECS270A_RahulNarwar_this_one_will_do_it_1", "cornername": "Nominal"}
[2025-11-18 12:21:20.180 -0800] [INFO] [cadence.virtuoso.ade.spectreMonitor] - Peak resident memory used = 77.4 Mbytes. : {"history": "ExplorerRun.0", "point": 1, "testname": "EECS270A_RahulNarwar_this_one_will_do_it_1", "cornername": "Nominal"}
[2025-11-18 12:21:20.181 -0800] [WARN] [cadence.virtuoso.ade.spectreMonitor] -     WARNING (SPECTRE-16707): Only tran supports psfxl format, result of other analyses will be in psfbin format. : {"history": "ExplorerRun.0", "point": 1, "testname": "EECS270A_RahulNarwar_this_one_will_do_it_1", "cornername": "Nominal"}
[2025-11-18 12:21:20.181 -0800] [INFO] [cadence.virtuoso.ade.spectreMonitor] - Notice from spectre during DC analysis `dcOp'.
    Bad pivoting is found during DC analysis. Option dc_pivot_check=yes is recommended for possible improvement of convergence. : {"history": "ExplorerRun.0", "point": 1, "testname": "EECS270A_RahulNarwar_this_one_will_do_it_1", "cornername": "Nominal"}
[2025-11-18 12:21:20.181 -0800] [INFO] [cadence.virtuoso.ade.spectreMonitor] - Total time required for dc analysis `dcOp': CPU = 4.964 ms, elapsed = 14.8249 ms. : {"history": "ExplorerRun.0", "point": 1, "testname": "EECS270A_RahulNarwar_this_one_will_do_it_1", "cornername": "Nominal"}
[2025-11-18 12:21:20.181 -0800] [INFO] [cadence.virtuoso.ade.spectreMonitor] - Peak resident memory used = 78.4 Mbytes. : {"history": "ExplorerRun.0", "point": 1, "testname": "EECS270A_RahulNarwar_this_one_will_do_it_1", "cornername": "Nominal"}
[2025-11-18 12:21:20.181 -0800] [INFO] [cadence.virtuoso.ade.spectreMonitor] - Time used: CPU = 152 ms, elapsed = 369 ms, util. = 41.1%. : {"history": "ExplorerRun.0", "point": 1, "testname": "EECS270A_RahulNarwar_this_one_will_do_it_1", "cornername": "Nominal"}
[2025-11-18 12:21:20.182 -0800] [INFO] [cadence.virtuoso.ade.spectreMonitor] - Time spent in licensing: elapsed = 28 ms, percentage of total = 7.57%. : {"history": "ExplorerRun.0", "point": 1, "testname": "EECS270A_RahulNarwar_this_one_will_do_it_1", "cornername": "Nominal"}
[2025-11-18 12:21:20.184 -0800] [INFO] [cadence.virtuoso.ade.spectreMonitor] - Peak memory used = 79.8 Mbytes. : {"history": "ExplorerRun.0", "point": 1, "testname": "EECS270A_RahulNarwar_this_one_will_do_it_1", "cornername": "Nominal"}
[2025-11-18 12:21:20.194 -0800] [PROCESS] [cadence.virtuoso.ade.spectreMonitor] - Simulation started at: 12:21:19 PM, Tue Nov 18, 2025, ended at: 12:21:19 PM, Tue Nov 18, 2025, with elapsed time (wall clock): 369 ms. : {"history": "ExplorerRun.0", "point": 1, "testname": "EECS270A_RahulNarwar_this_one_will_do_it_1", "cornername": "Nominal"}
[2025-11-18 12:21:20.194 -0800] [PROCESS] [cadence.virtuoso.ade.spectreMonitor] - spectre completes with 0 errors, 1 warning, and 3 notices. : {"history": "ExplorerRun.0", "point": 1, "testname": "EECS270A_RahulNarwar_this_one_will_do_it_1", "cornername": "Nominal"}
[2025-11-18 12:21:20.195 -0800] [PROCESS] [cadence.virtuoso.ade.spectreMonitor] - Finished Simulation : {"hostname": "laguna.eecs.uci.edu", "processid": 1045733, "history": "ExplorerRun.0", "testname": "EECS270A_RahulNarwar_this_one_will_do_it_1", "cornername": "Nominal", "point": 1, "logfile": "/users/ugrad/rnarwar/EECS270A/logs_rnarwar/logs0/Job3.log", "simid": "3"}
[2025-11-18 12:21:20.202 -0800] [PROCESS] [cadence.virtuoso.ade.spectreMonitor] - Point Finished : {"hostname": "laguna.eecs.uci.edu", "processid": 1045733, "history": "ExplorerRun.0", "testname": "EECS270A_RahulNarwar_this_one_will_do_it_1", "cornername": "Nominal", "point": 1, "logfile": "/users/ugrad/rnarwar/EECS270A/logs_rnarwar/logs0/Job3.log"}
[2025-11-18 12:21:46.250 -0800] [PROCESS] [cadence.virtuoso.ade.spectreMonitor] - HostInfo:
Host name (type):	laguna.eecs.uci.edu (x86_64)
Operating system:	Linux 4.18.0-553.74.1.el8_10.x86_64 #1 SMP Sun Sep 14 12:57:27 UTC 2025 : {"hostname": "laguna.eecs.uci.edu", "processid": 1045733, "history": "ExplorerRun.0", "testname": "EECS270A_RahulNarwar_this_one_will_do_it_1", "cornername": "Nominal", "point": 1, "logfile": "/users/ugrad/rnarwar/EECS270A/logs_rnarwar/logs0/Job3.log", "nodename": "laguna.eecs.uci.edu", "domainname": "yp.eecs.uci.edu", "machine": "x86_64", "sysname": "Linux", "release": "4.18.0-553.74.1.el8_10.x86_64", "version": "#1 SMP Sun Sep 14 12:57:27 UTC 2025"}
[2025-11-18 12:21:46.250 -0800] [PROCESS] [cadence.virtuoso.ade.spectreMonitor] - UsageInfo:
pid=1045733
totalPhysicalMemory=125.287762GB,Used=74.647713GB,totalVirtualMemory=133.287758GB,Used=74.663673GB
Cpu: Cores=56, Load average:4.670000,4.830000,4.710000 : {"hostname": "laguna.eecs.uci.edu", "processid": 1045733, "history": "ExplorerRun.0", "testname": "EECS270A_RahulNarwar_this_one_will_do_it_1", "cornername": "Nominal", "point": 1, "logfile": "/users/ugrad/rnarwar/EECS270A/logs_rnarwar/logs0/Job3.log", "pid": "1045733", "totalPhysicalMemory": "125.287762", "physicalMemoryUsed": "74.647713", "totalVirtualMemory": "133.287758", "virtualMemoryUsed": "74.663673", "cpuCores": "56", "processes": "2737", "loadAverage1": "4.670000", "loadAverage5": "4.830000", "loadAverage15": "4.710000", "loadAverage1Percent": "0.083393"}
[2025-11-18 12:21:46.269 -0800] [EVENT] [cadence.virtuoso.ade.spectreMonitor] - NewPoint : {"history": "ExplorerRun.0", "point": 1, "testname": "EECS270A_RahulNarwar_this_one_will_do_it_1", "cornername": "Nominal", "event": "NewPoint", "EventSource": "Spectre Monitor", "HistoryName": "ExplorerRun.0", "logFile": "/users/ugrad/rnarwar/EECS270A/logs_rnarwar/logs0/Job3.log", "logFileSize": "28288"}
[2025-11-18 12:21:46.270 -0800] [EVENT] [cadence.virtuoso.ade.spectreMonitor] - NewPoint : {"history": "ExplorerRun.0", "point": 1, "testname": "EECS270A_RahulNarwar_this_one_will_do_it_1", "cornername": "Nominal", "event": "NewPoint", "EventSource": "spectre", "HistoryName": "ExplorerRun.0", "logFile": "/users/ugrad/rnarwar/cadence/simulation/EECS270A_RahulNarwar/this_one_will_do_it/maestro/results/maestro/ExplorerRun.0/1/EECS270A_RahulNarwar_this_one_will_do_it_1/psf/spectre.out", "logFileSize": "-1"}
[2025-11-18 12:21:46.284 -0800] [PROCESS] [cadence.virtuoso.ade.spectreMonitor] - Launched simulator : {"hostname": "laguna.eecs.uci.edu", "processid": 1045733, "history": "ExplorerRun.0", "testname": "EECS270A_RahulNarwar_this_one_will_do_it_1", "cornername": "Nominal", "point": 1, "logfile": "/users/ugrad/rnarwar/EECS270A/logs_rnarwar/logs0/Job3.log", "simid": "4"}
[2025-11-18 12:21:46.292 -0800] [PROCESS] [cadence.virtuoso.ade.spectreMonitor] - Launched evaluator : {"hostname": "laguna.eecs.uci.edu", "processid": 1045733, "history": "ExplorerRun.0", "testname": "EECS270A_RahulNarwar_this_one_will_do_it_1", "cornername": "Nominal", "point": 1, "logfile": "/users/ugrad/rnarwar/EECS270A/logs_rnarwar/logs0/Job3.log"}
[2025-11-18 12:21:47.022 -0800] [PROCESS] [cadence.virtuoso.ade.spectreMonitor] - Finished simulating for one point : {"hostname": "laguna.eecs.uci.edu", "processid": 1045733, "history": "ExplorerRun.0", "testname": "EECS270A_RahulNarwar_this_one_will_do_it_1", "cornername": "Nominal", "point": 1, "logfile": "/users/ugrad/rnarwar/EECS270A/logs_rnarwar/logs0/Job3.log", "simid": "4"}
[2025-11-18 12:21:47.022 -0800] [INFO] [cadence.virtuoso.ade.spectreMonitor] - Peak resident memory used = 68.7 Mbytes. : {"history": "ExplorerRun.0", "point": 1, "testname": "EECS270A_RahulNarwar_this_one_will_do_it_1", "cornername": "Nominal"}
[2025-11-18 12:21:47.023 -0800] [INFO] [cadence.virtuoso.ade.spectreMonitor] - Peak resident memory used = 74.3 Mbytes. : {"history": "ExplorerRun.0", "point": 1, "testname": "EECS270A_RahulNarwar_this_one_will_do_it_1", "cornername": "Nominal"}
[2025-11-18 12:21:47.023 -0800] [INFO] [cadence.virtuoso.ade.spectreMonitor] - Peak resident memory used = 76.2 Mbytes. : {"history": "ExplorerRun.0", "point": 1, "testname": "EECS270A_RahulNarwar_this_one_will_do_it_1", "cornername": "Nominal"}
[2025-11-18 12:21:47.023 -0800] [INFO] [cadence.virtuoso.ade.spectreMonitor] - Notice from spectre during initial setup.
    Multithreading is disabled due to the size of the design being too small. : {"history": "ExplorerRun.0", "point": 1, "testname": "EECS270A_RahulNarwar_this_one_will_do_it_1", "cornername": "Nominal"}
[2025-11-18 12:21:47.029 -0800] [INFO] [cadence.virtuoso.ade.spectreMonitor] -               nodes 17 : {"history": "ExplorerRun.0", "point": 1, "testname": "EECS270A_RahulNarwar_this_one_will_do_it_1", "cornername": "Nominal"}
[2025-11-18 12:21:47.029 -0800] [INFO] [cadence.virtuoso.ade.spectreMonitor] - Notice from spectre during initial setup.
    APS Enabled. : {"history": "ExplorerRun.0", "point": 1, "testname": "EECS270A_RahulNarwar_this_one_will_do_it_1", "cornername": "Nominal"}
[2025-11-18 12:21:47.029 -0800] [INFO] [cadence.virtuoso.ade.spectreMonitor] - Peak resident memory used = 77.5 Mbytes. : {"history": "ExplorerRun.0", "point": 1, "testname": "EECS270A_RahulNarwar_this_one_will_do_it_1", "cornername": "Nominal"}
[2025-11-18 12:21:47.029 -0800] [WARN] [cadence.virtuoso.ade.spectreMonitor] -     WARNING (SPECTRE-16707): Only tran supports psfxl format, result of other analyses will be in psfbin format. : {"history": "ExplorerRun.0", "point": 1, "testname": "EECS270A_RahulNarwar_this_one_will_do_it_1", "cornername": "Nominal"}
[2025-11-18 12:21:47.030 -0800] [INFO] [cadence.virtuoso.ade.spectreMonitor] - Notice from spectre during DC analysis `dcOp'.
    Bad pivoting is found during DC analysis. Option dc_pivot_check=yes is recommended for possible improvement of convergence. : {"history": "ExplorerRun.0", "point": 1, "testname": "EECS270A_RahulNarwar_this_one_will_do_it_1", "cornername": "Nominal"}
[2025-11-18 12:21:47.030 -0800] [INFO] [cadence.virtuoso.ade.spectreMonitor] - Total time required for dc analysis `dcOp': CPU = 6.786 ms, elapsed = 13.6001 ms. : {"history": "ExplorerRun.0", "point": 1, "testname": "EECS270A_RahulNarwar_this_one_will_do_it_1", "cornername": "Nominal"}
[2025-11-18 12:21:47.030 -0800] [INFO] [cadence.virtuoso.ade.spectreMonitor] - Peak resident memory used = 78.5 Mbytes. : {"history": "ExplorerRun.0", "point": 1, "testname": "EECS270A_RahulNarwar_this_one_will_do_it_1", "cornername": "Nominal"}
[2025-11-18 12:21:47.030 -0800] [INFO] [cadence.virtuoso.ade.spectreMonitor] - Time used: CPU = 152 ms, elapsed = 364 ms, util. = 41.8%. : {"history": "ExplorerRun.0", "point": 1, "testname": "EECS270A_RahulNarwar_this_one_will_do_it_1", "cornername": "Nominal"}
[2025-11-18 12:21:47.030 -0800] [INFO] [cadence.virtuoso.ade.spectreMonitor] - Time spent in licensing: elapsed = 28.7 ms, percentage of total = 7.87%. : {"history": "ExplorerRun.0", "point": 1, "testname": "EECS270A_RahulNarwar_this_one_will_do_it_1", "cornername": "Nominal"}
[2025-11-18 12:21:47.033 -0800] [INFO] [cadence.virtuoso.ade.spectreMonitor] - Peak memory used = 79.9 Mbytes. : {"history": "ExplorerRun.0", "point": 1, "testname": "EECS270A_RahulNarwar_this_one_will_do_it_1", "cornername": "Nominal"}
[2025-11-18 12:21:47.039 -0800] [PROCESS] [cadence.virtuoso.ade.spectreMonitor] - Simulation started at: 12:21:46 PM, Tue Nov 18, 2025, ended at: 12:21:46 PM, Tue Nov 18, 2025, with elapsed time (wall clock): 364 ms. : {"history": "ExplorerRun.0", "point": 1, "testname": "EECS270A_RahulNarwar_this_one_will_do_it_1", "cornername": "Nominal"}
[2025-11-18 12:21:47.039 -0800] [PROCESS] [cadence.virtuoso.ade.spectreMonitor] - spectre completes with 0 errors, 1 warning, and 3 notices. : {"history": "ExplorerRun.0", "point": 1, "testname": "EECS270A_RahulNarwar_this_one_will_do_it_1", "cornername": "Nominal"}
[2025-11-18 12:21:47.039 -0800] [PROCESS] [cadence.virtuoso.ade.spectreMonitor] - Finished Simulation : {"hostname": "laguna.eecs.uci.edu", "processid": 1045733, "history": "ExplorerRun.0", "testname": "EECS270A_RahulNarwar_this_one_will_do_it_1", "cornername": "Nominal", "point": 1, "logfile": "/users/ugrad/rnarwar/EECS270A/logs_rnarwar/logs0/Job3.log", "simid": "4"}
[2025-11-18 12:21:47.044 -0800] [PROCESS] [cadence.virtuoso.ade.spectreMonitor] - Point Finished : {"hostname": "laguna.eecs.uci.edu", "processid": 1045733, "history": "ExplorerRun.0", "testname": "EECS270A_RahulNarwar_this_one_will_do_it_1", "cornername": "Nominal", "point": 1, "logfile": "/users/ugrad/rnarwar/EECS270A/logs_rnarwar/logs0/Job3.log"}
[2025-11-18 12:22:21.248 -0800] [PROCESS] [cadence.virtuoso.ade.spectreMonitor] - get signal Terminated<15> from user:rnarwar, which pid:1045673:/ecelib/linware/cadence/ic616/tools/bin/64bit/cdsServIpc : {"hostname": "laguna.eecs.uci.edu", "processid": 1045733, "history": "ExplorerRun.0", "testname": "EECS270A_RahulNarwar_this_one_will_do_it_1", "cornername": "Nominal", "point": 1, "logfile": "/users/ugrad/rnarwar/EECS270A/logs_rnarwar/logs0/Job3.log", "signal": "15", "signalName": "Terminated", "which": "/ecelib/linware/cadence/ic616/tools/bin/64bit/cdsServIpc", "pid": "1045673", "user": "rnarwar", "uid": "25124"}
[2025-11-18 12:22:21.253 -0800] [PROCESS] [cadence.virtuoso.ade.spectreMonitor] - Current memory used: 37.7656 MBytes, peak memory used: 37.7656 MBytes : {"hostname": "laguna.eecs.uci.edu", "processid": 1045733, "history": "ExplorerRun.0", "testname": "EECS270A_RahulNarwar_this_one_will_do_it_1", "cornername": "Nominal", "point": 1, "logfile": "/users/ugrad/rnarwar/EECS270A/logs_rnarwar/logs0/Job3.log"}
[2025-11-18 12:22:21.253 -0800] [PROCESS] [cadence.virtuoso.ade.spectreMonitor] - Spectre Monitor process exit. : {"hostname": "laguna.eecs.uci.edu", "processid": 1045733, "history": "ExplorerRun.0", "testname": "EECS270A_RahulNarwar_this_one_will_do_it_1", "cornername": "Nominal", "point": 1, "logfile": "/users/ugrad/rnarwar/EECS270A/logs_rnarwar/logs0/Job3.log"}
