[Spectre Monitor: 6]
[2025-11-18 12:24:07.174 -0800] [PROCESS] [cadence.virtuoso.ade.spectreMonitor] - Spectre Monitor has successfully started up. Trying to set up communication channels to other components ... : {"hostname": "laguna.eecs.uci.edu", "processid": 1049299, "logfile": "/users/ugrad/rnarwar/EECS270A/logs_rnarwar/logs0/Job6.log"}
[2025-11-18 12:24:07.177 -0800] [PROCESS] [cadence.virtuoso.ade.spectreMonitor] - Started History : {"hostname": "laguna.eecs.uci.edu", "processid": 1049299, "history": "ExplorerRun.0", "logfile": "/users/ugrad/rnarwar/EECS270A/logs_rnarwar/logs0/Job6.log"}
[2025-11-18 12:24:07.195 -0800] [PROCESS] [cadence.virtuoso.ade.spectreMonitor] - Communication channels have been successfully set up. Start processing events ... : {"hostname": "laguna.eecs.uci.edu", "processid": 1049299, "history": "ExplorerRun.0", "logfile": "/users/ugrad/rnarwar/EECS270A/logs_rnarwar/logs0/Job6.log"}
[2025-11-18 12:24:07.278 -0800] [PROCESS] [cadence.virtuoso.ade.spectreMonitor] - HostInfo:
Host name (type):	laguna.eecs.uci.edu (x86_64)
Operating system:	Linux 4.18.0-553.74.1.el8_10.x86_64 #1 SMP Sun Sep 14 12:57:27 UTC 2025 : {"hostname": "laguna.eecs.uci.edu", "processid": 1049299, "history": "ExplorerRun.0", "logfile": "/users/ugrad/rnarwar/EECS270A/logs_rnarwar/logs0/Job6.log", "nodename": "laguna.eecs.uci.edu", "domainname": "yp.eecs.uci.edu", "machine": "x86_64", "sysname": "Linux", "release": "4.18.0-553.74.1.el8_10.x86_64", "version": "#1 SMP Sun Sep 14 12:57:27 UTC 2025"}
[2025-11-18 12:24:07.278 -0800] [PROCESS] [cadence.virtuoso.ade.spectreMonitor] - UsageInfo:
pid=1049299
totalPhysicalMemory=125.287762GB,Used=74.751450GB,totalVirtualMemory=133.287758GB,Used=74.767410GB
Cpu: Cores=56, Load average:5.560000,5.230000,4.880000 : {"hostname": "laguna.eecs.uci.edu", "processid": 1049299, "history": "ExplorerRun.0", "logfile": "/users/ugrad/rnarwar/EECS270A/logs_rnarwar/logs0/Job6.log", "pid": "1049299", "totalPhysicalMemory": "125.287762", "physicalMemoryUsed": "74.751450", "totalVirtualMemory": "133.287758", "virtualMemoryUsed": "74.767410", "cpuCores": "56", "processes": "2744", "loadAverage1": "5.560000", "loadAverage5": "5.230000", "loadAverage15": "4.880000", "loadAverage1Percent": "0.099286"}
[2025-11-18 12:24:07.293 -0800] [EVENT] [cadence.virtuoso.ade.spectreMonitor] - NewPoint : {"history": "ExplorerRun.0", "point": 1, "testname": "EECS270A_RahulNarwar_this_one_will_do_it_1", "cornername": "Nominal", "event": "NewPoint", "EventSource": "Spectre Monitor", "HistoryName": "ExplorerRun.0", "logFile": "/users/ugrad/rnarwar/EECS270A/logs_rnarwar/logs0/Job6.log", "logFileSize": "2256"}
[2025-11-18 12:24:07.294 -0800] [EVENT] [cadence.virtuoso.ade.spectreMonitor] - NewPoint : {"history": "ExplorerRun.0", "point": 1, "testname": "EECS270A_RahulNarwar_this_one_will_do_it_1", "cornername": "Nominal", "event": "NewPoint", "EventSource": "spectre", "HistoryName": "ExplorerRun.0", "logFile": "/users/ugrad/rnarwar/cadence/simulation/EECS270A_RahulNarwar/this_one_will_do_it/maestro/results/maestro/ExplorerRun.0/1/EECS270A_RahulNarwar_this_one_will_do_it_1/psf/spectre.out", "logFileSize": "-1"}
[2025-11-18 12:24:07.313 -0800] [PROCESS] [cadence.virtuoso.ade.spectreMonitor] - Launched simulator : {"hostname": "laguna.eecs.uci.edu", "processid": 1049299, "history": "ExplorerRun.0", "testname": "EECS270A_RahulNarwar_this_one_will_do_it_1", "cornername": "Nominal", "point": 1, "logfile": "/users/ugrad/rnarwar/EECS270A/logs_rnarwar/logs0/Job6.log", "simid": "1"}
[2025-11-18 12:24:07.317 -0800] [PROCESS] [cadence.virtuoso.ade.spectreMonitor] - Launched evaluator : {"hostname": "laguna.eecs.uci.edu", "processid": 1049299, "history": "ExplorerRun.0", "testname": "EECS270A_RahulNarwar_this_one_will_do_it_1", "cornername": "Nominal", "point": 1, "logfile": "/users/ugrad/rnarwar/EECS270A/logs_rnarwar/logs0/Job6.log"}
[2025-11-18 12:24:08.244 -0800] [INFO] [cadence.virtuoso.ade.spectreMonitor] - Peak resident memory used = 68.3 Mbytes. : {"history": "ExplorerRun.0", "point": 1, "testname": "EECS270A_RahulNarwar_this_one_will_do_it_1", "cornername": "Nominal"}
[2025-11-18 12:24:08.245 -0800] [INFO] [cadence.virtuoso.ade.spectreMonitor] - Peak resident memory used = 73.8 Mbytes. : {"history": "ExplorerRun.0", "point": 1, "testname": "EECS270A_RahulNarwar_this_one_will_do_it_1", "cornername": "Nominal"}
[2025-11-18 12:24:08.245 -0800] [INFO] [cadence.virtuoso.ade.spectreMonitor] - Peak resident memory used = 75.7 Mbytes. : {"history": "ExplorerRun.0", "point": 1, "testname": "EECS270A_RahulNarwar_this_one_will_do_it_1", "cornername": "Nominal"}
[2025-11-18 12:24:08.245 -0800] [INFO] [cadence.virtuoso.ade.spectreMonitor] - Notice from spectre during initial setup.
    Multithreading is disabled due to the size of the design being too small. : {"history": "ExplorerRun.0", "point": 1, "testname": "EECS270A_RahulNarwar_this_one_will_do_it_1", "cornername": "Nominal"}
[2025-11-18 12:24:08.263 -0800] [INFO] [cadence.virtuoso.ade.spectreMonitor] -               nodes 17 : {"history": "ExplorerRun.0", "point": 1, "testname": "EECS270A_RahulNarwar_this_one_will_do_it_1", "cornername": "Nominal"}
[2025-11-18 12:24:08.263 -0800] [INFO] [cadence.virtuoso.ade.spectreMonitor] - Notice from spectre during initial setup.
    APS Enabled. : {"history": "ExplorerRun.0", "point": 1, "testname": "EECS270A_RahulNarwar_this_one_will_do_it_1", "cornername": "Nominal"}
[2025-11-18 12:24:08.263 -0800] [INFO] [cadence.virtuoso.ade.spectreMonitor] - Peak resident memory used = 77 Mbytes. : {"history": "ExplorerRun.0", "point": 1, "testname": "EECS270A_RahulNarwar_this_one_will_do_it_1", "cornername": "Nominal"}
[2025-11-18 12:24:08.264 -0800] [WARN] [cadence.virtuoso.ade.spectreMonitor] -     WARNING (SPECTRE-16707): Only tran supports psfxl format, result of other analyses will be in psfbin format. : {"history": "ExplorerRun.0", "point": 1, "testname": "EECS270A_RahulNarwar_this_one_will_do_it_1", "cornername": "Nominal"}
[2025-11-18 12:24:10.911 -0800] [PROCESS] [cadence.virtuoso.ade.spectreMonitor] - Finished simulating for one point : {"hostname": "laguna.eecs.uci.edu", "processid": 1049299, "history": "ExplorerRun.0", "testname": "EECS270A_RahulNarwar_this_one_will_do_it_1", "cornername": "Nominal", "point": 1, "logfile": "/users/ugrad/rnarwar/EECS270A/logs_rnarwar/logs0/Job6.log", "simid": "1"}
[2025-11-18 12:24:10.912 -0800] [INFO] [cadence.virtuoso.ade.spectreMonitor] - Total time required for ac analysis `ac': CPU = 1.24561 s, elapsed = 2.57487 s. : {"history": "ExplorerRun.0", "point": 1, "testname": "EECS270A_RahulNarwar_this_one_will_do_it_1", "cornername": "Nominal"}
[2025-11-18 12:24:10.912 -0800] [INFO] [cadence.virtuoso.ade.spectreMonitor] - Peak resident memory used = 79.2 Mbytes. : {"history": "ExplorerRun.0", "point": 1, "testname": "EECS270A_RahulNarwar_this_one_will_do_it_1", "cornername": "Nominal"}
[2025-11-18 12:24:10.912 -0800] [INFO] [cadence.virtuoso.ade.spectreMonitor] - Notice from spectre during DC analysis `dcOp'.
    Bad pivoting is found during DC analysis. Option dc_pivot_check=yes is recommended for possible improvement of convergence. : {"history": "ExplorerRun.0", "point": 1, "testname": "EECS270A_RahulNarwar_this_one_will_do_it_1", "cornername": "Nominal"}
[2025-11-18 12:24:10.912 -0800] [INFO] [cadence.virtuoso.ade.spectreMonitor] - Total time required for dc analysis `dcOp': CPU = 4.647 ms, elapsed = 23.803 ms. : {"history": "ExplorerRun.0", "point": 1, "testname": "EECS270A_RahulNarwar_this_one_will_do_it_1", "cornername": "Nominal"}
[2025-11-18 12:24:10.912 -0800] [INFO] [cadence.virtuoso.ade.spectreMonitor] - Peak resident memory used = 79.3 Mbytes. : {"history": "ExplorerRun.0", "point": 1, "testname": "EECS270A_RahulNarwar_this_one_will_do_it_1", "cornername": "Nominal"}
[2025-11-18 12:24:10.912 -0800] [INFO] [cadence.virtuoso.ade.spectreMonitor] - Time used: CPU = 1.4 s, elapsed = 2.99 s, util. = 46.9%. : {"history": "ExplorerRun.0", "point": 1, "testname": "EECS270A_RahulNarwar_this_one_will_do_it_1", "cornername": "Nominal"}
[2025-11-18 12:24:10.913 -0800] [INFO] [cadence.virtuoso.ade.spectreMonitor] - Time spent in licensing: elapsed = 26.1 ms. : {"history": "ExplorerRun.0", "point": 1, "testname": "EECS270A_RahulNarwar_this_one_will_do_it_1", "cornername": "Nominal"}
[2025-11-18 12:24:10.917 -0800] [INFO] [cadence.virtuoso.ade.spectreMonitor] - Peak memory used = 80.5 Mbytes. : {"history": "ExplorerRun.0", "point": 1, "testname": "EECS270A_RahulNarwar_this_one_will_do_it_1", "cornername": "Nominal"}
[2025-11-18 12:24:10.923 -0800] [PROCESS] [cadence.virtuoso.ade.spectreMonitor] - Simulation started at: 12:24:07 PM, Tue Nov 18, 2025, ended at: 12:24:10 PM, Tue Nov 18, 2025, with elapsed time (wall clock): 2.99 s. : {"history": "ExplorerRun.0", "point": 1, "testname": "EECS270A_RahulNarwar_this_one_will_do_it_1", "cornername": "Nominal"}
[2025-11-18 12:24:10.923 -0800] [PROCESS] [cadence.virtuoso.ade.spectreMonitor] - spectre completes with 0 errors, 1 warning, and 3 notices. : {"history": "ExplorerRun.0", "point": 1, "testname": "EECS270A_RahulNarwar_this_one_will_do_it_1", "cornername": "Nominal"}
[2025-11-18 12:24:10.923 -0800] [PROCESS] [cadence.virtuoso.ade.spectreMonitor] - Finished Simulation : {"hostname": "laguna.eecs.uci.edu", "processid": 1049299, "history": "ExplorerRun.0", "testname": "EECS270A_RahulNarwar_this_one_will_do_it_1", "cornername": "Nominal", "point": 1, "logfile": "/users/ugrad/rnarwar/EECS270A/logs_rnarwar/logs0/Job6.log", "simid": "1"}
[2025-11-18 12:24:10.931 -0800] [PROCESS] [cadence.virtuoso.ade.spectreMonitor] - Point Finished : {"hostname": "laguna.eecs.uci.edu", "processid": 1049299, "history": "ExplorerRun.0", "testname": "EECS270A_RahulNarwar_this_one_will_do_it_1", "cornername": "Nominal", "point": 1, "logfile": "/users/ugrad/rnarwar/EECS270A/logs_rnarwar/logs0/Job6.log"}
[2025-11-18 12:27:06.480 -0800] [PROCESS] [cadence.virtuoso.ade.spectreMonitor] - HostInfo:
Host name (type):	laguna.eecs.uci.edu (x86_64)
Operating system:	Linux 4.18.0-553.74.1.el8_10.x86_64 #1 SMP Sun Sep 14 12:57:27 UTC 2025 : {"hostname": "laguna.eecs.uci.edu", "processid": 1049299, "history": "ExplorerRun.0", "testname": "EECS270A_RahulNarwar_this_one_will_do_it_1", "cornername": "Nominal", "point": 1, "logfile": "/users/ugrad/rnarwar/EECS270A/logs_rnarwar/logs0/Job6.log", "nodename": "laguna.eecs.uci.edu", "domainname": "yp.eecs.uci.edu", "machine": "x86_64", "sysname": "Linux", "release": "4.18.0-553.74.1.el8_10.x86_64", "version": "#1 SMP Sun Sep 14 12:57:27 UTC 2025"}
[2025-11-18 12:27:06.480 -0800] [PROCESS] [cadence.virtuoso.ade.spectreMonitor] - UsageInfo:
pid=1049299
totalPhysicalMemory=125.287762GB,Used=74.677589GB,totalVirtualMemory=133.287758GB,Used=74.693550GB
Cpu: Cores=56, Load average:4.390000,4.860000,4.810000 : {"hostname": "laguna.eecs.uci.edu", "processid": 1049299, "history": "ExplorerRun.0", "testname": "EECS270A_RahulNarwar_this_one_will_do_it_1", "cornername": "Nominal", "point": 1, "logfile": "/users/ugrad/rnarwar/EECS270A/logs_rnarwar/logs0/Job6.log", "pid": "1049299", "totalPhysicalMemory": "125.287762", "physicalMemoryUsed": "74.677589", "totalVirtualMemory": "133.287758", "virtualMemoryUsed": "74.693550", "cpuCores": "56", "processes": "2738", "loadAverage1": "4.390000", "loadAverage5": "4.860000", "loadAverage15": "4.810000", "loadAverage1Percent": "0.078393"}
[2025-11-18 12:27:06.491 -0800] [EVENT] [cadence.virtuoso.ade.spectreMonitor] - NewPoint : {"history": "ExplorerRun.0", "point": 1, "testname": "EECS270A_RahulNarwar_this_one_will_do_it_1", "cornername": "Nominal", "event": "NewPoint", "EventSource": "Spectre Monitor", "HistoryName": "ExplorerRun.0", "logFile": "/users/ugrad/rnarwar/EECS270A/logs_rnarwar/logs0/Job6.log", "logFileSize": "11434"}
[2025-11-18 12:27:06.492 -0800] [EVENT] [cadence.virtuoso.ade.spectreMonitor] - NewPoint : {"history": "ExplorerRun.0", "point": 1, "testname": "EECS270A_RahulNarwar_this_one_will_do_it_1", "cornername": "Nominal", "event": "NewPoint", "EventSource": "spectre", "HistoryName": "ExplorerRun.0", "logFile": "/users/ugrad/rnarwar/cadence/simulation/EECS270A_RahulNarwar/this_one_will_do_it/maestro/results/maestro/ExplorerRun.0/1/EECS270A_RahulNarwar_this_one_will_do_it_1/psf/spectre.out", "logFileSize": "-1"}
[2025-11-18 12:27:06.503 -0800] [PROCESS] [cadence.virtuoso.ade.spectreMonitor] - Launched simulator : {"hostname": "laguna.eecs.uci.edu", "processid": 1049299, "history": "ExplorerRun.0", "testname": "EECS270A_RahulNarwar_this_one_will_do_it_1", "cornername": "Nominal", "point": 1, "logfile": "/users/ugrad/rnarwar/EECS270A/logs_rnarwar/logs0/Job6.log", "simid": "2"}
[2025-11-18 12:27:06.508 -0800] [PROCESS] [cadence.virtuoso.ade.spectreMonitor] - Launched evaluator : {"hostname": "laguna.eecs.uci.edu", "processid": 1049299, "history": "ExplorerRun.0", "testname": "EECS270A_RahulNarwar_this_one_will_do_it_1", "cornername": "Nominal", "point": 1, "logfile": "/users/ugrad/rnarwar/EECS270A/logs_rnarwar/logs0/Job6.log"}
[2025-11-18 12:27:07.442 -0800] [INFO] [cadence.virtuoso.ade.spectreMonitor] - Peak resident memory used = 68.4 Mbytes. : {"history": "ExplorerRun.0", "point": 1, "testname": "EECS270A_RahulNarwar_this_one_will_do_it_1", "cornername": "Nominal"}
[2025-11-18 12:27:07.442 -0800] [INFO] [cadence.virtuoso.ade.spectreMonitor] - Peak resident memory used = 74 Mbytes. : {"history": "ExplorerRun.0", "point": 1, "testname": "EECS270A_RahulNarwar_this_one_will_do_it_1", "cornername": "Nominal"}
[2025-11-18 12:27:07.442 -0800] [INFO] [cadence.virtuoso.ade.spectreMonitor] - Peak resident memory used = 75.9 Mbytes. : {"history": "ExplorerRun.0", "point": 1, "testname": "EECS270A_RahulNarwar_this_one_will_do_it_1", "cornername": "Nominal"}
[2025-11-18 12:27:07.442 -0800] [INFO] [cadence.virtuoso.ade.spectreMonitor] - Notice from spectre during initial setup.
    Multithreading is disabled due to the size of the design being too small. : {"history": "ExplorerRun.0", "point": 1, "testname": "EECS270A_RahulNarwar_this_one_will_do_it_1", "cornername": "Nominal"}
[2025-11-18 12:27:07.449 -0800] [INFO] [cadence.virtuoso.ade.spectreMonitor] -               nodes 17 : {"history": "ExplorerRun.0", "point": 1, "testname": "EECS270A_RahulNarwar_this_one_will_do_it_1", "cornername": "Nominal"}
[2025-11-18 12:27:07.449 -0800] [INFO] [cadence.virtuoso.ade.spectreMonitor] - Notice from spectre during initial setup.
    APS Enabled. : {"history": "ExplorerRun.0", "point": 1, "testname": "EECS270A_RahulNarwar_this_one_will_do_it_1", "cornername": "Nominal"}
[2025-11-18 12:27:07.449 -0800] [INFO] [cadence.virtuoso.ade.spectreMonitor] - Peak resident memory used = 77.1 Mbytes. : {"history": "ExplorerRun.0", "point": 1, "testname": "EECS270A_RahulNarwar_this_one_will_do_it_1", "cornername": "Nominal"}
[2025-11-18 12:27:07.450 -0800] [WARN] [cadence.virtuoso.ade.spectreMonitor] -     WARNING (SPECTRE-16707): Only tran supports psfxl format, result of other analyses will be in psfbin format. : {"history": "ExplorerRun.0", "point": 1, "testname": "EECS270A_RahulNarwar_this_one_will_do_it_1", "cornername": "Nominal"}
[2025-11-18 12:27:08.648 -0800] [PROCESS] [cadence.virtuoso.ade.spectreMonitor] - Finished simulating for one point : {"hostname": "laguna.eecs.uci.edu", "processid": 1049299, "history": "ExplorerRun.0", "testname": "EECS270A_RahulNarwar_this_one_will_do_it_1", "cornername": "Nominal", "point": 1, "logfile": "/users/ugrad/rnarwar/EECS270A/logs_rnarwar/logs0/Job6.log", "simid": "2"}
[2025-11-18 12:27:08.648 -0800] [INFO] [cadence.virtuoso.ade.spectreMonitor] - Total time required for ac analysis `ac': CPU = 1.144 s, elapsed = 1.24506 s. : {"history": "ExplorerRun.0", "point": 1, "testname": "EECS270A_RahulNarwar_this_one_will_do_it_1", "cornername": "Nominal"}
[2025-11-18 12:27:08.648 -0800] [INFO] [cadence.virtuoso.ade.spectreMonitor] - Peak resident memory used = 79.4 Mbytes. : {"history": "ExplorerRun.0", "point": 1, "testname": "EECS270A_RahulNarwar_this_one_will_do_it_1", "cornername": "Nominal"}
[2025-11-18 12:27:08.649 -0800] [INFO] [cadence.virtuoso.ade.spectreMonitor] - Notice from spectre during DC analysis `dcOp'.
    Bad pivoting is found during DC analysis. Option dc_pivot_check=yes is recommended for possible improvement of convergence. : {"history": "ExplorerRun.0", "point": 1, "testname": "EECS270A_RahulNarwar_this_one_will_do_it_1", "cornername": "Nominal"}
[2025-11-18 12:27:08.649 -0800] [INFO] [cadence.virtuoso.ade.spectreMonitor] - Total time required for dc analysis `dcOp': CPU = 4.155 ms, elapsed = 9.41992 ms. : {"history": "ExplorerRun.0", "point": 1, "testname": "EECS270A_RahulNarwar_this_one_will_do_it_1", "cornername": "Nominal"}
[2025-11-18 12:27:08.649 -0800] [INFO] [cadence.virtuoso.ade.spectreMonitor] - Peak resident memory used = 79.4 Mbytes. : {"history": "ExplorerRun.0", "point": 1, "testname": "EECS270A_RahulNarwar_this_one_will_do_it_1", "cornername": "Nominal"}
[2025-11-18 12:27:08.649 -0800] [INFO] [cadence.virtuoso.ade.spectreMonitor] - Time used: CPU = 1.3 s, elapsed = 1.58 s, util. = 82%. : {"history": "ExplorerRun.0", "point": 1, "testname": "EECS270A_RahulNarwar_this_one_will_do_it_1", "cornername": "Nominal"}
[2025-11-18 12:27:08.649 -0800] [INFO] [cadence.virtuoso.ade.spectreMonitor] - Time spent in licensing: elapsed = 30 ms. : {"history": "ExplorerRun.0", "point": 1, "testname": "EECS270A_RahulNarwar_this_one_will_do_it_1", "cornername": "Nominal"}
[2025-11-18 12:27:08.654 -0800] [INFO] [cadence.virtuoso.ade.spectreMonitor] - Peak memory used = 80.6 Mbytes. : {"history": "ExplorerRun.0", "point": 1, "testname": "EECS270A_RahulNarwar_this_one_will_do_it_1", "cornername": "Nominal"}
[2025-11-18 12:27:08.658 -0800] [PROCESS] [cadence.virtuoso.ade.spectreMonitor] - Simulation started at: 12:27:06 PM, Tue Nov 18, 2025, ended at: 12:27:08 PM, Tue Nov 18, 2025, with elapsed time (wall clock): 1.58 s. : {"history": "ExplorerRun.0", "point": 1, "testname": "EECS270A_RahulNarwar_this_one_will_do_it_1", "cornername": "Nominal"}
[2025-11-18 12:27:08.658 -0800] [PROCESS] [cadence.virtuoso.ade.spectreMonitor] - spectre completes with 0 errors, 1 warning, and 3 notices. : {"history": "ExplorerRun.0", "point": 1, "testname": "EECS270A_RahulNarwar_this_one_will_do_it_1", "cornername": "Nominal"}
[2025-11-18 12:27:08.659 -0800] [PROCESS] [cadence.virtuoso.ade.spectreMonitor] - Finished Simulation : {"hostname": "laguna.eecs.uci.edu", "processid": 1049299, "history": "ExplorerRun.0", "testname": "EECS270A_RahulNarwar_this_one_will_do_it_1", "cornername": "Nominal", "point": 1, "logfile": "/users/ugrad/rnarwar/EECS270A/logs_rnarwar/logs0/Job6.log", "simid": "2"}
[2025-11-18 12:27:08.662 -0800] [PROCESS] [cadence.virtuoso.ade.spectreMonitor] - Point Finished : {"hostname": "laguna.eecs.uci.edu", "processid": 1049299, "history": "ExplorerRun.0", "testname": "EECS270A_RahulNarwar_this_one_will_do_it_1", "cornername": "Nominal", "point": 1, "logfile": "/users/ugrad/rnarwar/EECS270A/logs_rnarwar/logs0/Job6.log"}
[2025-11-18 12:29:00.161 -0800] [PROCESS] [cadence.virtuoso.ade.spectreMonitor] - HostInfo:
Host name (type):	laguna.eecs.uci.edu (x86_64)
Operating system:	Linux 4.18.0-553.74.1.el8_10.x86_64 #1 SMP Sun Sep 14 12:57:27 UTC 2025 : {"hostname": "laguna.eecs.uci.edu", "processid": 1049299, "history": "ExplorerRun.0", "testname": "EECS270A_RahulNarwar_this_one_will_do_it_1", "cornername": "Nominal", "point": 1, "logfile": "/users/ugrad/rnarwar/EECS270A/logs_rnarwar/logs0/Job6.log", "nodename": "laguna.eecs.uci.edu", "domainname": "yp.eecs.uci.edu", "machine": "x86_64", "sysname": "Linux", "release": "4.18.0-553.74.1.el8_10.x86_64", "version": "#1 SMP Sun Sep 14 12:57:27 UTC 2025"}
[2025-11-18 12:29:00.162 -0800] [PROCESS] [cadence.virtuoso.ade.spectreMonitor] - UsageInfo:
pid=1049299
totalPhysicalMemory=125.287762GB,Used=74.497467GB,totalVirtualMemory=133.287758GB,Used=74.513428GB
Cpu: Cores=56, Load average:4.090000,4.620000,4.720000 : {"hostname": "laguna.eecs.uci.edu", "processid": 1049299, "history": "ExplorerRun.0", "testname": "EECS270A_RahulNarwar_this_one_will_do_it_1", "cornername": "Nominal", "point": 1, "logfile": "/users/ugrad/rnarwar/EECS270A/logs_rnarwar/logs0/Job6.log", "pid": "1049299", "totalPhysicalMemory": "125.287762", "physicalMemoryUsed": "74.497467", "totalVirtualMemory": "133.287758", "virtualMemoryUsed": "74.513428", "cpuCores": "56", "processes": "2715", "loadAverage1": "4.090000", "loadAverage5": "4.620000", "loadAverage15": "4.720000", "loadAverage1Percent": "0.073036"}
[2025-11-18 12:29:00.173 -0800] [EVENT] [cadence.virtuoso.ade.spectreMonitor] - NewPoint : {"history": "ExplorerRun.0", "point": 1, "testname": "EECS270A_RahulNarwar_this_one_will_do_it_1", "cornername": "Nominal", "event": "NewPoint", "EventSource": "Spectre Monitor", "HistoryName": "ExplorerRun.0", "logFile": "/users/ugrad/rnarwar/EECS270A/logs_rnarwar/logs0/Job6.log", "logFileSize": "20608"}
[2025-11-18 12:29:00.174 -0800] [EVENT] [cadence.virtuoso.ade.spectreMonitor] - NewPoint : {"history": "ExplorerRun.0", "point": 1, "testname": "EECS270A_RahulNarwar_this_one_will_do_it_1", "cornername": "Nominal", "event": "NewPoint", "EventSource": "spectre", "HistoryName": "ExplorerRun.0", "logFile": "/users/ugrad/rnarwar/cadence/simulation/EECS270A_RahulNarwar/this_one_will_do_it/maestro/results/maestro/ExplorerRun.0/1/EECS270A_RahulNarwar_this_one_will_do_it_1/psf/spectre.out", "logFileSize": "-1"}
[2025-11-18 12:29:00.184 -0800] [PROCESS] [cadence.virtuoso.ade.spectreMonitor] - Launched simulator : {"hostname": "laguna.eecs.uci.edu", "processid": 1049299, "history": "ExplorerRun.0", "testname": "EECS270A_RahulNarwar_this_one_will_do_it_1", "cornername": "Nominal", "point": 1, "logfile": "/users/ugrad/rnarwar/EECS270A/logs_rnarwar/logs0/Job6.log", "simid": "3"}
[2025-11-18 12:29:00.192 -0800] [PROCESS] [cadence.virtuoso.ade.spectreMonitor] - Launched evaluator : {"hostname": "laguna.eecs.uci.edu", "processid": 1049299, "history": "ExplorerRun.0", "testname": "EECS270A_RahulNarwar_this_one_will_do_it_1", "cornername": "Nominal", "point": 1, "logfile": "/users/ugrad/rnarwar/EECS270A/logs_rnarwar/logs0/Job6.log"}
[2025-11-18 12:29:00.921 -0800] [PROCESS] [cadence.virtuoso.ade.spectreMonitor] - Finished simulating for one point : {"hostname": "laguna.eecs.uci.edu", "processid": 1049299, "history": "ExplorerRun.0", "testname": "EECS270A_RahulNarwar_this_one_will_do_it_1", "cornername": "Nominal", "point": 1, "logfile": "/users/ugrad/rnarwar/EECS270A/logs_rnarwar/logs0/Job6.log", "simid": "3"}
[2025-11-18 12:29:00.921 -0800] [INFO] [cadence.virtuoso.ade.spectreMonitor] - Peak resident memory used = 68.2 Mbytes. : {"history": "ExplorerRun.0", "point": 1, "testname": "EECS270A_RahulNarwar_this_one_will_do_it_1", "cornername": "Nominal"}
[2025-11-18 12:29:00.922 -0800] [INFO] [cadence.virtuoso.ade.spectreMonitor] - Peak resident memory used = 73.8 Mbytes. : {"history": "ExplorerRun.0", "point": 1, "testname": "EECS270A_RahulNarwar_this_one_will_do_it_1", "cornername": "Nominal"}
[2025-11-18 12:29:00.922 -0800] [INFO] [cadence.virtuoso.ade.spectreMonitor] - Peak resident memory used = 75.8 Mbytes. : {"history": "ExplorerRun.0", "point": 1, "testname": "EECS270A_RahulNarwar_this_one_will_do_it_1", "cornername": "Nominal"}
[2025-11-18 12:29:00.922 -0800] [INFO] [cadence.virtuoso.ade.spectreMonitor] - Notice from spectre during initial setup.
    Multithreading is disabled due to the size of the design being too small. : {"history": "ExplorerRun.0", "point": 1, "testname": "EECS270A_RahulNarwar_this_one_will_do_it_1", "cornername": "Nominal"}
[2025-11-18 12:29:00.927 -0800] [INFO] [cadence.virtuoso.ade.spectreMonitor] -               nodes 17 : {"history": "ExplorerRun.0", "point": 1, "testname": "EECS270A_RahulNarwar_this_one_will_do_it_1", "cornername": "Nominal"}
[2025-11-18 12:29:00.927 -0800] [INFO] [cadence.virtuoso.ade.spectreMonitor] - Notice from spectre during initial setup.
    APS Enabled. : {"history": "ExplorerRun.0", "point": 1, "testname": "EECS270A_RahulNarwar_this_one_will_do_it_1", "cornername": "Nominal"}
[2025-11-18 12:29:00.927 -0800] [INFO] [cadence.virtuoso.ade.spectreMonitor] - Peak resident memory used = 77 Mbytes. : {"history": "ExplorerRun.0", "point": 1, "testname": "EECS270A_RahulNarwar_this_one_will_do_it_1", "cornername": "Nominal"}
[2025-11-18 12:29:00.927 -0800] [WARN] [cadence.virtuoso.ade.spectreMonitor] -     WARNING (SPECTRE-16707): Only tran supports psfxl format, result of other analyses will be in psfbin format. : {"history": "ExplorerRun.0", "point": 1, "testname": "EECS270A_RahulNarwar_this_one_will_do_it_1", "cornername": "Nominal"}
[2025-11-18 12:29:00.928 -0800] [INFO] [cadence.virtuoso.ade.spectreMonitor] - Notice from spectre during DC analysis, during AC analysis `ac'.
    Bad pivoting is found during DC analysis. Option dc_pivot_check=yes is recommended for possible improvement of convergence. : {"history": "ExplorerRun.0", "point": 1, "testname": "EECS270A_RahulNarwar_this_one_will_do_it_1", "cornername": "Nominal"}
[2025-11-18 12:29:00.928 -0800] [INFO] [cadence.virtuoso.ade.spectreMonitor] - Total time required for ac analysis `ac': CPU = 53.591 ms, elapsed = 56.078 ms. : {"history": "ExplorerRun.0", "point": 1, "testname": "EECS270A_RahulNarwar_this_one_will_do_it_1", "cornername": "Nominal"}
[2025-11-18 12:29:00.928 -0800] [INFO] [cadence.virtuoso.ade.spectreMonitor] - Peak resident memory used = 78 Mbytes. : {"history": "ExplorerRun.0", "point": 1, "testname": "EECS270A_RahulNarwar_this_one_will_do_it_1", "cornername": "Nominal"}
[2025-11-18 12:29:00.928 -0800] [INFO] [cadence.virtuoso.ade.spectreMonitor] - Total time required for dc analysis `dcOp': CPU = 1.306 ms, elapsed = 12.0962 ms. : {"history": "ExplorerRun.0", "point": 1, "testname": "EECS270A_RahulNarwar_this_one_will_do_it_1", "cornername": "Nominal"}
[2025-11-18 12:29:00.928 -0800] [INFO] [cadence.virtuoso.ade.spectreMonitor] - Peak resident memory used = 78.9 Mbytes. : {"history": "ExplorerRun.0", "point": 1, "testname": "EECS270A_RahulNarwar_this_one_will_do_it_1", "cornername": "Nominal"}
[2025-11-18 12:29:00.929 -0800] [INFO] [cadence.virtuoso.ade.spectreMonitor] - Time used: CPU = 201 ms, elapsed = 400 ms, util. = 50.3%. : {"history": "ExplorerRun.0", "point": 1, "testname": "EECS270A_RahulNarwar_this_one_will_do_it_1", "cornername": "Nominal"}
[2025-11-18 12:29:00.929 -0800] [INFO] [cadence.virtuoso.ade.spectreMonitor] - Time spent in licensing: elapsed = 41.2 ms, percentage of total = 10.3%. : {"history": "ExplorerRun.0", "point": 1, "testname": "EECS270A_RahulNarwar_this_one_will_do_it_1", "cornername": "Nominal"}
[2025-11-18 12:29:00.930 -0800] [INFO] [cadence.virtuoso.ade.spectreMonitor] - Peak memory used = 79.8 Mbytes. : {"history": "ExplorerRun.0", "point": 1, "testname": "EECS270A_RahulNarwar_this_one_will_do_it_1", "cornername": "Nominal"}
[2025-11-18 12:29:00.935 -0800] [PROCESS] [cadence.virtuoso.ade.spectreMonitor] - Simulation started at: 12:29:00 PM, Tue Nov 18, 2025, ended at: 12:29:00 PM, Tue Nov 18, 2025, with elapsed time (wall clock): 400 ms. : {"history": "ExplorerRun.0", "point": 1, "testname": "EECS270A_RahulNarwar_this_one_will_do_it_1", "cornername": "Nominal"}
[2025-11-18 12:29:00.936 -0800] [PROCESS] [cadence.virtuoso.ade.spectreMonitor] - spectre completes with 0 errors, 1 warning, and 3 notices. : {"history": "ExplorerRun.0", "point": 1, "testname": "EECS270A_RahulNarwar_this_one_will_do_it_1", "cornername": "Nominal"}
[2025-11-18 12:29:00.936 -0800] [PROCESS] [cadence.virtuoso.ade.spectreMonitor] - Finished Simulation : {"hostname": "laguna.eecs.uci.edu", "processid": 1049299, "history": "ExplorerRun.0", "testname": "EECS270A_RahulNarwar_this_one_will_do_it_1", "cornername": "Nominal", "point": 1, "logfile": "/users/ugrad/rnarwar/EECS270A/logs_rnarwar/logs0/Job6.log", "simid": "3"}
[2025-11-18 12:29:00.940 -0800] [PROCESS] [cadence.virtuoso.ade.spectreMonitor] - Point Finished : {"hostname": "laguna.eecs.uci.edu", "processid": 1049299, "history": "ExplorerRun.0", "testname": "EECS270A_RahulNarwar_this_one_will_do_it_1", "cornername": "Nominal", "point": 1, "logfile": "/users/ugrad/rnarwar/EECS270A/logs_rnarwar/logs0/Job6.log"}
[2025-11-18 12:31:31.722 -0800] [PROCESS] [cadence.virtuoso.ade.spectreMonitor] - HostInfo:
Host name (type):	laguna.eecs.uci.edu (x86_64)
Operating system:	Linux 4.18.0-553.74.1.el8_10.x86_64 #1 SMP Sun Sep 14 12:57:27 UTC 2025 : {"hostname": "laguna.eecs.uci.edu", "processid": 1049299, "history": "ExplorerRun.0", "testname": "EECS270A_RahulNarwar_this_one_will_do_it_1", "cornername": "Nominal", "point": 1, "logfile": "/users/ugrad/rnarwar/EECS270A/logs_rnarwar/logs0/Job6.log", "nodename": "laguna.eecs.uci.edu", "domainname": "yp.eecs.uci.edu", "machine": "x86_64", "sysname": "Linux", "release": "4.18.0-553.74.1.el8_10.x86_64", "version": "#1 SMP Sun Sep 14 12:57:27 UTC 2025"}
[2025-11-18 12:31:31.723 -0800] [PROCESS] [cadence.virtuoso.ade.spectreMonitor] - UsageInfo:
pid=1049299
totalPhysicalMemory=125.287762GB,Used=73.661816GB,totalVirtualMemory=133.287758GB,Used=73.677776GB
Cpu: Cores=56, Load average:4.390000,4.490000,4.650000 : {"hostname": "laguna.eecs.uci.edu", "processid": 1049299, "history": "ExplorerRun.0", "testname": "EECS270A_RahulNarwar_this_one_will_do_it_1", "cornername": "Nominal", "point": 1, "logfile": "/users/ugrad/rnarwar/EECS270A/logs_rnarwar/logs0/Job6.log", "pid": "1049299", "totalPhysicalMemory": "125.287762", "physicalMemoryUsed": "73.661816", "totalVirtualMemory": "133.287758", "virtualMemoryUsed": "73.677776", "cpuCores": "56", "processes": "2740", "loadAverage1": "4.390000", "loadAverage5": "4.490000", "loadAverage15": "4.650000", "loadAverage1Percent": "0.078393"}
[2025-11-18 12:31:31.733 -0800] [EVENT] [cadence.virtuoso.ade.spectreMonitor] - NewPoint : {"history": "ExplorerRun.0", "point": 1, "testname": "EECS270A_RahulNarwar_this_one_will_do_it_1", "cornername": "Nominal", "event": "NewPoint", "EventSource": "Spectre Monitor", "HistoryName": "ExplorerRun.0", "logFile": "/users/ugrad/rnarwar/EECS270A/logs_rnarwar/logs0/Job6.log", "logFileSize": "29834"}
[2025-11-18 12:31:31.734 -0800] [EVENT] [cadence.virtuoso.ade.spectreMonitor] - NewPoint : {"history": "ExplorerRun.0", "point": 1, "testname": "EECS270A_RahulNarwar_this_one_will_do_it_1", "cornername": "Nominal", "event": "NewPoint", "EventSource": "spectre", "HistoryName": "ExplorerRun.0", "logFile": "/users/ugrad/rnarwar/cadence/simulation/EECS270A_RahulNarwar/this_one_will_do_it/maestro/results/maestro/ExplorerRun.0/1/EECS270A_RahulNarwar_this_one_will_do_it_1/psf/spectre.out", "logFileSize": "-1"}
[2025-11-18 12:31:31.744 -0800] [PROCESS] [cadence.virtuoso.ade.spectreMonitor] - Launched simulator : {"hostname": "laguna.eecs.uci.edu", "processid": 1049299, "history": "ExplorerRun.0", "testname": "EECS270A_RahulNarwar_this_one_will_do_it_1", "cornername": "Nominal", "point": 1, "logfile": "/users/ugrad/rnarwar/EECS270A/logs_rnarwar/logs0/Job6.log", "simid": "4"}
[2025-11-18 12:31:31.749 -0800] [PROCESS] [cadence.virtuoso.ade.spectreMonitor] - Launched evaluator : {"hostname": "laguna.eecs.uci.edu", "processid": 1049299, "history": "ExplorerRun.0", "testname": "EECS270A_RahulNarwar_this_one_will_do_it_1", "cornername": "Nominal", "point": 1, "logfile": "/users/ugrad/rnarwar/EECS270A/logs_rnarwar/logs0/Job6.log"}
[2025-11-18 12:31:32.475 -0800] [PROCESS] [cadence.virtuoso.ade.spectreMonitor] - Finished simulating for one point : {"hostname": "laguna.eecs.uci.edu", "processid": 1049299, "history": "ExplorerRun.0", "testname": "EECS270A_RahulNarwar_this_one_will_do_it_1", "cornername": "Nominal", "point": 1, "logfile": "/users/ugrad/rnarwar/EECS270A/logs_rnarwar/logs0/Job6.log", "simid": "4"}
[2025-11-18 12:31:32.476 -0800] [INFO] [cadence.virtuoso.ade.spectreMonitor] - Peak resident memory used = 68.2 Mbytes. : {"history": "ExplorerRun.0", "point": 1, "testname": "EECS270A_RahulNarwar_this_one_will_do_it_1", "cornername": "Nominal"}
[2025-11-18 12:31:32.476 -0800] [INFO] [cadence.virtuoso.ade.spectreMonitor] - Peak resident memory used = 73.8 Mbytes. : {"history": "ExplorerRun.0", "point": 1, "testname": "EECS270A_RahulNarwar_this_one_will_do_it_1", "cornername": "Nominal"}
[2025-11-18 12:31:32.476 -0800] [INFO] [cadence.virtuoso.ade.spectreMonitor] - Peak resident memory used = 75.7 Mbytes. : {"history": "ExplorerRun.0", "point": 1, "testname": "EECS270A_RahulNarwar_this_one_will_do_it_1", "cornername": "Nominal"}
[2025-11-18 12:31:32.476 -0800] [INFO] [cadence.virtuoso.ade.spectreMonitor] - Notice from spectre during initial setup.
    Multithreading is disabled due to the size of the design being too small. : {"history": "ExplorerRun.0", "point": 1, "testname": "EECS270A_RahulNarwar_this_one_will_do_it_1", "cornername": "Nominal"}
[2025-11-18 12:31:32.484 -0800] [INFO] [cadence.virtuoso.ade.spectreMonitor] -               nodes 17 : {"history": "ExplorerRun.0", "point": 1, "testname": "EECS270A_RahulNarwar_this_one_will_do_it_1", "cornername": "Nominal"}
[2025-11-18 12:31:32.484 -0800] [INFO] [cadence.virtuoso.ade.spectreMonitor] - Notice from spectre during initial setup.
    APS Enabled. : {"history": "ExplorerRun.0", "point": 1, "testname": "EECS270A_RahulNarwar_this_one_will_do_it_1", "cornername": "Nominal"}
[2025-11-18 12:31:32.484 -0800] [INFO] [cadence.virtuoso.ade.spectreMonitor] - Peak resident memory used = 77 Mbytes. : {"history": "ExplorerRun.0", "point": 1, "testname": "EECS270A_RahulNarwar_this_one_will_do_it_1", "cornername": "Nominal"}
[2025-11-18 12:31:32.484 -0800] [WARN] [cadence.virtuoso.ade.spectreMonitor] -     WARNING (SPECTRE-16707): Only tran supports psfxl format, result of other analyses will be in psfbin format. : {"history": "ExplorerRun.0", "point": 1, "testname": "EECS270A_RahulNarwar_this_one_will_do_it_1", "cornername": "Nominal"}
[2025-11-18 12:31:32.484 -0800] [INFO] [cadence.virtuoso.ade.spectreMonitor] - Notice from spectre during DC analysis, during AC analysis `ac'.
    Bad pivoting is found during DC analysis. Option dc_pivot_check=yes is recommended for possible improvement of convergence. : {"history": "ExplorerRun.0", "point": 1, "testname": "EECS270A_RahulNarwar_this_one_will_do_it_1", "cornername": "Nominal"}
[2025-11-18 12:31:32.485 -0800] [INFO] [cadence.virtuoso.ade.spectreMonitor] - Total time required for ac analysis `ac': CPU = 57.387 ms, elapsed = 59.927 ms. : {"history": "ExplorerRun.0", "point": 1, "testname": "EECS270A_RahulNarwar_this_one_will_do_it_1", "cornername": "Nominal"}
[2025-11-18 12:31:32.485 -0800] [INFO] [cadence.virtuoso.ade.spectreMonitor] - Peak resident memory used = 78 Mbytes. : {"history": "ExplorerRun.0", "point": 1, "testname": "EECS270A_RahulNarwar_this_one_will_do_it_1", "cornername": "Nominal"}
[2025-11-18 12:31:32.485 -0800] [INFO] [cadence.virtuoso.ade.spectreMonitor] - Total time required for dc analysis `dcOp': CPU = 1.279 ms, elapsed = 5.41186 ms. : {"history": "ExplorerRun.0", "point": 1, "testname": "EECS270A_RahulNarwar_this_one_will_do_it_1", "cornername": "Nominal"}
[2025-11-18 12:31:32.485 -0800] [INFO] [cadence.virtuoso.ade.spectreMonitor] - Peak resident memory used = 78.8 Mbytes. : {"history": "ExplorerRun.0", "point": 1, "testname": "EECS270A_RahulNarwar_this_one_will_do_it_1", "cornername": "Nominal"}
[2025-11-18 12:31:32.485 -0800] [INFO] [cadence.virtuoso.ade.spectreMonitor] - Time used: CPU = 203 ms, elapsed = 377 ms, util. = 54%. : {"history": "ExplorerRun.0", "point": 1, "testname": "EECS270A_RahulNarwar_this_one_will_do_it_1", "cornername": "Nominal"}
[2025-11-18 12:31:32.485 -0800] [INFO] [cadence.virtuoso.ade.spectreMonitor] - Time spent in licensing: elapsed = 25.9 ms, percentage of total = 6.87%. : {"history": "ExplorerRun.0", "point": 1, "testname": "EECS270A_RahulNarwar_this_one_will_do_it_1", "cornername": "Nominal"}
[2025-11-18 12:31:32.487 -0800] [INFO] [cadence.virtuoso.ade.spectreMonitor] - Peak memory used = 79.8 Mbytes. : {"history": "ExplorerRun.0", "point": 1, "testname": "EECS270A_RahulNarwar_this_one_will_do_it_1", "cornername": "Nominal"}
[2025-11-18 12:31:32.491 -0800] [PROCESS] [cadence.virtuoso.ade.spectreMonitor] - Simulation started at: 12:31:31 PM, Tue Nov 18, 2025, ended at: 12:31:32 PM, Tue Nov 18, 2025, with elapsed time (wall clock): 377 ms. : {"history": "ExplorerRun.0", "point": 1, "testname": "EECS270A_RahulNarwar_this_one_will_do_it_1", "cornername": "Nominal"}
[2025-11-18 12:31:32.492 -0800] [PROCESS] [cadence.virtuoso.ade.spectreMonitor] - spectre completes with 0 errors, 1 warning, and 3 notices. : {"history": "ExplorerRun.0", "point": 1, "testname": "EECS270A_RahulNarwar_this_one_will_do_it_1", "cornername": "Nominal"}
[2025-11-18 12:31:32.492 -0800] [PROCESS] [cadence.virtuoso.ade.spectreMonitor] - Finished Simulation : {"hostname": "laguna.eecs.uci.edu", "processid": 1049299, "history": "ExplorerRun.0", "testname": "EECS270A_RahulNarwar_this_one_will_do_it_1", "cornername": "Nominal", "point": 1, "logfile": "/users/ugrad/rnarwar/EECS270A/logs_rnarwar/logs0/Job6.log", "simid": "4"}
[2025-11-18 12:31:32.496 -0800] [PROCESS] [cadence.virtuoso.ade.spectreMonitor] - Point Finished : {"hostname": "laguna.eecs.uci.edu", "processid": 1049299, "history": "ExplorerRun.0", "testname": "EECS270A_RahulNarwar_this_one_will_do_it_1", "cornername": "Nominal", "point": 1, "logfile": "/users/ugrad/rnarwar/EECS270A/logs_rnarwar/logs0/Job6.log"}
[2025-11-18 12:32:21.889 -0800] [PROCESS] [cadence.virtuoso.ade.spectreMonitor] - get signal Terminated<15> from user:rnarwar, which pid:1049236:/ecelib/linware/cadence/ic616/tools/bin/64bit/cdsServIpc : {"hostname": "laguna.eecs.uci.edu", "processid": 1049299, "history": "ExplorerRun.0", "testname": "EECS270A_RahulNarwar_this_one_will_do_it_1", "cornername": "Nominal", "point": 1, "logfile": "/users/ugrad/rnarwar/EECS270A/logs_rnarwar/logs0/Job6.log", "signal": "15", "signalName": "Terminated", "which": "/ecelib/linware/cadence/ic616/tools/bin/64bit/cdsServIpc", "pid": "1049236", "user": "rnarwar", "uid": "25124"}
[2025-11-18 12:32:21.894 -0800] [PROCESS] [cadence.virtuoso.ade.spectreMonitor] - Current memory used: 37.3516 MBytes, peak memory used: 37.3516 MBytes : {"hostname": "laguna.eecs.uci.edu", "processid": 1049299, "history": "ExplorerRun.0", "testname": "EECS270A_RahulNarwar_this_one_will_do_it_1", "cornername": "Nominal", "point": 1, "logfile": "/users/ugrad/rnarwar/EECS270A/logs_rnarwar/logs0/Job6.log"}
[2025-11-18 12:32:21.894 -0800] [PROCESS] [cadence.virtuoso.ade.spectreMonitor] - Spectre Monitor process exit. : {"hostname": "laguna.eecs.uci.edu", "processid": 1049299, "history": "ExplorerRun.0", "testname": "EECS270A_RahulNarwar_this_one_will_do_it_1", "cornername": "Nominal", "point": 1, "logfile": "/users/ugrad/rnarwar/EECS270A/logs_rnarwar/logs0/Job6.log"}
